android/app/build/intermediates/manifest_merge_blame_file/debug/manifest-merger-blame-debug-report.txt
1<?xml version="1.0" encoding="utf-8"?>
2<manifest xmlns:android="http://schemas.android.com/apk/res/android"
3    package="com.mrsnake"
4    android:versionCode="1"
5    android:versionName="1.0" >
6
7    <uses-sdk
8        android:minSdkVersion="16"
9        android:targetSdkVersion="28" />
10
11    <uses-permission android:name="android.permission.SYSTEM_ALERT_WINDOW" />
11-->src/debug/AndroidManifest.xml:5:5-77
11-->src/debug/AndroidManifest.xml:5:22-75
12    <uses-permission android:name="android.permission.INTERNET" />
12-->src/main/AndroidManifest.xml:4:5-67
12-->src/main/AndroidManifest.xml:4:22-64
13    <uses-permission android:name="android.permission.ACCESS_WIFI_STATE" />
13-->[com.facebook.flipper:flipper:0.33.1] AndroidManifest.xml:16:5-76
13-->[com.facebook.flipper:flipper:0.33.1] AndroidManifest.xml:16:22-73
14    <uses-permission android:name="android.permission.WAKE_LOCK" />
14-->[:react-native-firebase_database] AndroidManifest.xml:12:5-68
14-->[:react-native-firebase_database] AndroidManifest.xml:12:22-65
15    <uses-permission android:name="android.permission.ACCESS_NETWORK_STATE" />
15-->[:react-native-firebase_database] AndroidManifest.xml:13:5-79
15-->[:react-native-firebase_database] AndroidManifest.xml:13:22-76
16    <uses-permission android:name="android.permission.WRITE_EXTERNAL_STORAGE" /> <!-- Required by older versions of Google Play services to create IID tokens -->
16-->[:react-native-fs] AndroidManifest.xml:11:5-81
16-->[:react-native-fs] AndroidManifest.xml:11:22-78
17    <uses-permission android:name="com.google.android.c2dm.permission.RECEIVE" />
17-->[com.google.firebase:firebase-iid:20.1.5] AndroidManifest.xml:26:5-82
17-->[com.google.firebase:firebase-iid:20.1.5] AndroidManifest.xml:26:22-79
18    <uses-permission android:name="com.google.android.finsky.permission.BIND_GET_INSTALL_REFERRER_SERVICE" />
18-->[com.google.android.gms:play-services-measurement:17.4.1] AndroidManifest.xml:26:5-110
18-->[com.google.android.gms:play-services-measurement:17.4.1] AndroidManifest.xml:26:22-107
19
20    <application
20-->src/main/AndroidManifest.xml:6:5-25:19
21        android:name="com.mrsnake.MainApplication"
21-->src/main/AndroidManifest.xml:7:7-38
22        android:allowBackup="false"
22-->src/main/AndroidManifest.xml:11:7-34
23        android:appComponentFactory="androidx.core.app.CoreComponentFactory"
23-->[androidx.core:core:1.1.0] AndroidManifest.xml:24:18-86
24        android:debuggable="true"
25        android:icon="@mipmap/ic_launcher"
25-->src/main/AndroidManifest.xml:9:7-41
26        android:label="@string/app_name"
26-->src/main/AndroidManifest.xml:8:7-39
27        android:roundIcon="@mipmap/ic_launcher_round"
27-->src/main/AndroidManifest.xml:10:7-52
28        android:theme="@style/AppTheme"
28-->src/main/AndroidManifest.xml:12:7-38
29        android:usesCleartextTraffic="true" >
29-->src/debug/AndroidManifest.xml:7:18-53
30        <activity
30-->src/main/AndroidManifest.xml:13:7-23:18
31            android:name="com.mrsnake.MainActivity"
31-->src/main/AndroidManifest.xml:14:9-37
32            android:configChanges="keyboard|keyboardHidden|orientation|screenSize|uiMode"
32-->src/main/AndroidManifest.xml:16:9-86
33            android:label="@string/app_name"
33-->src/main/AndroidManifest.xml:15:9-41
34            android:launchMode="singleTask"
34-->src/main/AndroidManifest.xml:17:9-40
35            android:windowSoftInputMode="adjustResize" >
35-->src/main/AndroidManifest.xml:18:9-51
36            <intent-filter>
36-->src/main/AndroidManifest.xml:19:9-22:25
37                <action android:name="android.intent.action.MAIN" />
37-->src/main/AndroidManifest.xml:20:13-65
37-->src/main/AndroidManifest.xml:20:21-62
38
39                <category android:name="android.intent.category.LAUNCHER" />
39-->src/main/AndroidManifest.xml:21:13-73
39-->src/main/AndroidManifest.xml:21:23-70
40            </intent-filter>
41        </activity>
42        <activity android:name="com.facebook.react.devsupport.DevSettingsActivity" />
42-->src/main/AndroidManifest.xml:24:7-84
42-->src/main/AndroidManifest.xml:24:17-81
43
44        <provider
44-->[:react-native-webview] AndroidManifest.xml:12:9-20:20
45            android:name="com.reactnativecommunity.webview.RNCWebViewFileProvider"
45-->[:react-native-webview] AndroidManifest.xml:13:13-83
46            android:authorities="com.mrsnake.fileprovider"
46-->[:react-native-webview] AndroidManifest.xml:14:13-64
47            android:exported="false"
47-->[:react-native-webview] AndroidManifest.xml:15:13-37
48            android:grantUriPermissions="true" >
48-->[:react-native-webview] AndroidManifest.xml:16:13-47
49            <meta-data
49-->[:react-native-webview] AndroidManifest.xml:17:13-19:63
50                android:name="android.support.FILE_PROVIDER_PATHS"
50-->[:react-native-webview] AndroidManifest.xml:18:17-67
51                android:resource="@xml/file_provider_paths" />
51-->[:react-native-webview] AndroidManifest.xml:19:17-60
52        </provider>
53
54        <service
54-->[com.google.firebase:firebase-database:19.3.0] AndroidManifest.xml:29:9-35:19
55            android:name="com.google.firebase.components.ComponentDiscoveryService"
55-->[com.google.firebase:firebase-database:19.3.0] AndroidManifest.xml:30:13-84
56            android:directBootAware="true"
56-->[com.google.firebase:firebase-common:19.3.0] AndroidManifest.xml:34:13-43
57            android:exported="false" >
57-->[com.google.firebase:firebase-database:19.3.0] AndroidManifest.xml:31:13-37
58            <meta-data
58-->[com.google.firebase:firebase-database:19.3.0] AndroidManifest.xml:32:13-34:85
59                android:name="com.google.firebase.components:com.google.firebase.database.DatabaseRegistrar"
59-->[com.google.firebase:firebase-database:19.3.0] AndroidManifest.xml:33:17-109
60                android:value="com.google.firebase.components.ComponentRegistrar" />
60-->[com.google.firebase:firebase-database:19.3.0] AndroidManifest.xml:34:17-82
61            <meta-data
61-->[com.google.android.gms:play-services-measurement-api:17.4.1] AndroidManifest.xml:30:13-32:85
62                android:name="com.google.firebase.components:com.google.firebase.analytics.connector.internal.AnalyticsConnectorRegistrar"
62-->[com.google.android.gms:play-services-measurement-api:17.4.1] AndroidManifest.xml:31:17-139
63                android:value="com.google.firebase.components.ComponentRegistrar" />
63-->[com.google.android.gms:play-services-measurement-api:17.4.1] AndroidManifest.xml:32:17-82
64            <meta-data
64-->[com.google.firebase:firebase-iid:20.1.5] AndroidManifest.xml:32:13-34:85
65                android:name="com.google.firebase.components:com.google.firebase.iid.Registrar"
65-->[com.google.firebase:firebase-iid:20.1.5] AndroidManifest.xml:33:17-96
66                android:value="com.google.firebase.components.ComponentRegistrar" />
66-->[com.google.firebase:firebase-iid:20.1.5] AndroidManifest.xml:34:17-82
67            <meta-data
67-->[com.google.firebase:firebase-installations:16.2.1] AndroidManifest.xml:17:13-19:85
68                android:name="com.google.firebase.components:com.google.firebase.installations.FirebaseInstallationsRegistrar"
68-->[com.google.firebase:firebase-installations:16.2.1] AndroidManifest.xml:18:17-127
69                android:value="com.google.firebase.components.ComponentRegistrar" />
69-->[com.google.firebase:firebase-installations:16.2.1] AndroidManifest.xml:19:17-82
70        </service>
71
72        <receiver
72-->[com.google.firebase:firebase-iid:20.1.5] AndroidManifest.xml:37:9-44:20
73            android:name="com.google.firebase.iid.FirebaseInstanceIdReceiver"
73-->[com.google.firebase:firebase-iid:20.1.5] AndroidManifest.xml:38:13-78
74            android:exported="true"
74-->[com.google.firebase:firebase-iid:20.1.5] AndroidManifest.xml:39:13-36
75            android:permission="com.google.android.c2dm.permission.SEND" >
75-->[com.google.firebase:firebase-iid:20.1.5] AndroidManifest.xml:40:13-73
76            <intent-filter>
76-->[com.google.firebase:firebase-iid:20.1.5] AndroidManifest.xml:41:13-43:29
77                <action android:name="com.google.android.c2dm.intent.RECEIVE" />
77-->[com.google.firebase:firebase-iid:20.1.5] AndroidManifest.xml:42:17-81
77-->[com.google.firebase:firebase-iid:20.1.5] AndroidManifest.xml:42:25-78
78            </intent-filter>
79        </receiver>
80
81        <activity
81-->[com.google.android.gms:play-services-base:17.0.0] AndroidManifest.xml:23:9-26:75
82            android:name="com.google.android.gms.common.api.GoogleApiActivity"
82-->[com.google.android.gms:play-services-base:17.0.0] AndroidManifest.xml:24:13-79
83            android:exported="false"
83-->[com.google.android.gms:play-services-base:17.0.0] AndroidManifest.xml:25:13-37
84            android:theme="@android:style/Theme.Translucent.NoTitleBar" />
84-->[com.google.android.gms:play-services-base:17.0.0] AndroidManifest.xml:26:13-72
85
86        <provider
86-->[com.google.firebase:firebase-common:19.3.0] AndroidManifest.xml:26:9-30:39
87            android:name="com.google.firebase.provider.FirebaseInitProvider"
87-->[com.google.firebase:firebase-common:19.3.0] AndroidManifest.xml:27:13-77
88            android:authorities="com.mrsnake.firebaseinitprovider"
88-->[com.google.firebase:firebase-common:19.3.0] AndroidManifest.xml:28:13-72
89            android:exported="false"
89-->[com.google.firebase:firebase-common:19.3.0] AndroidManifest.xml:29:13-37
90            android:initOrder="100" />
90-->[com.google.firebase:firebase-common:19.3.0] AndroidManifest.xml:30:13-36
91
92        <receiver
92-->[com.google.android.gms:play-services-measurement:17.4.1] AndroidManifest.xml:29:9-33:20
93            android:name="com.google.android.gms.measurement.AppMeasurementReceiver"
93-->[com.google.android.gms:play-services-measurement:17.4.1] AndroidManifest.xml:30:13-85
94            android:enabled="true"
94-->[com.google.android.gms:play-services-measurement:17.4.1] AndroidManifest.xml:31:13-35
95            android:exported="false" >
95-->[com.google.android.gms:play-services-measurement:17.4.1] AndroidManifest.xml:32:13-37
96        </receiver>
97
98        <service
98-->[com.google.android.gms:play-services-measurement:17.4.1] AndroidManifest.xml:35:9-38:40
99            android:name="com.google.android.gms.measurement.AppMeasurementService"
99-->[com.google.android.gms:play-services-measurement:17.4.1] AndroidManifest.xml:36:13-84
100            android:enabled="true"
100-->[com.google.android.gms:play-services-measurement:17.4.1] AndroidManifest.xml:37:13-35
101            android:exported="false" />
101-->[com.google.android.gms:play-services-measurement:17.4.1] AndroidManifest.xml:38:13-37
102        <service
102-->[com.google.android.gms:play-services-measurement:17.4.1] AndroidManifest.xml:39:9-43:72
103            android:name="com.google.android.gms.measurement.AppMeasurementJobService"
103-->[com.google.android.gms:play-services-measurement:17.4.1] AndroidManifest.xml:40:13-87
104            android:enabled="true"
104-->[com.google.android.gms:play-services-measurement:17.4.1] AndroidManifest.xml:41:13-35
105            android:exported="false"
105-->[com.google.android.gms:play-services-measurement:17.4.1] AndroidManifest.xml:42:13-37
106            android:permission="android.permission.BIND_JOB_SERVICE" />
106-->[com.google.android.gms:play-services-measurement:17.4.1] AndroidManifest.xml:43:13-69
107
108        <meta-data
108-->[com.google.android.gms:play-services-basement:17.0.0] AndroidManifest.xml:23:9-25:69
109            android:name="com.google.android.gms.version"
109-->[com.google.android.gms:play-services-basement:17.0.0] AndroidManifest.xml:24:13-58
110            android:value="@integer/google_play_services_version" />
110-->[com.google.android.gms:play-services-basement:17.0.0] AndroidManifest.xml:25:13-66
111    </application>
112
113</manifest>